The system is: Windows - 10.0.25211 - AMD64
Compiling the C compiler identification source file "CMakeCCompilerId.c" succeeded.
Compiler: C:/Program Files/Microsoft Visual Studio/2022/Community/VC/Tools/MSVC/14.33.31629/bin/Hostx64/x64/cl.exe 
Build flags: 
Id flags:  

The output was:
0
Оптимизирующий компилятор Microsoft (R) C/C++ версии 19.33.31630 для x64
(C) Корпорация Майкрософт (Microsoft Corporation).  Все права защищены.

CMakeCCompilerId.c
Microsoft (R) Incremental Linker Version 14.33.31630.0
Copyright (C) Microsoft Corporation.  All rights reserved.

/out:CMakeCCompilerId.exe 
CMakeCCompilerId.obj 


Compilation of the C compiler identification source "CMakeCCompilerId.c" produced "CMakeCCompilerId.exe"

Compilation of the C compiler identification source "CMakeCCompilerId.c" produced "CMakeCCompilerId.obj"

The C compiler identification is MSVC, found in "D:/Sources/simpleKafka1C_r2/cmake-build-release-visual-studio/CMakeFiles/3.23.2/CompilerIdC/CMakeCCompilerId.exe"

Compiling the CXX compiler identification source file "CMakeCXXCompilerId.cpp" succeeded.
Compiler: C:/Program Files/Microsoft Visual Studio/2022/Community/VC/Tools/MSVC/14.33.31629/bin/Hostx64/x64/cl.exe 
Build flags: 
Id flags:  

The output was:
0
Оптимизирующий компилятор Microsoft (R) C/C++ версии 19.33.31630 для x64
(C) Корпорация Майкрософт (Microsoft Corporation).  Все права защищены.

CMakeCXXCompilerId.cpp
Microsoft (R) Incremental Linker Version 14.33.31630.0
Copyright (C) Microsoft Corporation.  All rights reserved.

/out:CMakeCXXCompilerId.exe 
CMakeCXXCompilerId.obj 


Compilation of the CXX compiler identification source "CMakeCXXCompilerId.cpp" produced "CMakeCXXCompilerId.exe"

Compilation of the CXX compiler identification source "CMakeCXXCompilerId.cpp" produced "CMakeCXXCompilerId.obj"

The CXX compiler identification is MSVC, found in "D:/Sources/simpleKafka1C_r2/cmake-build-release-visual-studio/CMakeFiles/3.23.2/CompilerIdCXX/CMakeCXXCompilerId.exe"

Detecting C compiler ABI info compiled with the following output:
Change Dir: D:/Sources/simpleKafka1C_r2/cmake-build-release-visual-studio/CMakeFiles/CMakeTmp

Run Build Command(s):C:/Program Files/JetBrains/CLion 2022.2/bin/ninja/win/ninja.exe cmTC_58e07 && [1/2] Building C object CMakeFiles\cmTC_58e07.dir\CMakeCCompilerABI.c.obj
Примечание: включение файла:  C:\Program Files\JetBrains\CLion 2022.2\bin\cmake\win\share\cmake-3.23\Modules\CMakeCompilerABI.h
[2/2] Linking C executable cmTC_58e07.exe



Detecting CXX compiler ABI info compiled with the following output:
Change Dir: D:/Sources/simpleKafka1C_r2/cmake-build-release-visual-studio/CMakeFiles/CMakeTmp

Run Build Command(s):C:/Program Files/JetBrains/CLion 2022.2/bin/ninja/win/ninja.exe cmTC_e8dd2 && [1/2] Building CXX object CMakeFiles\cmTC_e8dd2.dir\CMakeCXXCompilerABI.cpp.obj
Примечание: включение файла:  C:\Program Files\JetBrains\CLion 2022.2\bin\cmake\win\share\cmake-3.23\Modules\CMakeCompilerABI.h
[2/2] Linking CXX executable cmTC_e8dd2.exe



